<?xml version="1.0" encoding="UTF-8"?>
<!-- Generated by org.testng.reporters.JUnitReportReporter -->
<testsuite hostname="LIN-5CG136BW71" failures="0" tests="6" name="Runner.shop_test" time="0.187" errors="0" timestamp="2024-04-02T11:23:35 IST" skipped="0">
  <testcase classname="Runner.shop_test" name="runScenario" time="0.007"/>
  <testcase classname="Runner.shop_test" name="runScenario" time="0.006"/>
  <testcase classname="Runner.shop_test" name="runScenario" time="0.156"/>
  <testcase classname="Runner.shop_test" name="runScenario" time="0.004"/>
  <testcase classname="Runner.shop_test" name="runScenario" time="0.006"/>
  <testcase classname="Runner.shop_test" name="runScenario" time="0.008"/>
</testsuite> <!-- Runner.shop_test -->
